#
# A fatal error has been detected by the Java Runtime Environment:
#
#  Internal Error (javaClasses.cpp:126), pid=5192, tid=6780
#  fatal error: Invalid layout of preloaded class
#
# JRE version:  (8.0_25-b18) (build )
# Java VM: Java HotSpot(TM) 64-Bit Server VM (25.25-b02 mixed mode windows-amd64 compressed oops)
# Failed to write core dump. Minidumps are not enabled by default on client versions of Windows
#
# If you would like to submit a bug report, please visit:
#   http://bugreport.sun.com/bugreport/crash.jsp
#

---------------  T H R E A D  ---------------

Current thread (0x0000000001df0800):  JavaThread "Unknown thread" [_thread_in_vm, id=6780, stack(0x0000000001cf0000,0x0000000001df0000)]

Stack: [0x0000000001cf0000,0x0000000001df0000]
Native frames: (J=compiled Java code, j=interpreted, Vv=VM code, C=native code)
V  [jvm.dll+0x31667a]
V  [jvm.dll+0x267073]
V  [jvm.dll+0x267cb3]
V  [jvm.dll+0x25f536]
V  [jvm.dll+0x5e773]
V  [jvm.dll+0x5e863]
V  [jvm.dll+0x731ca]
V  [jvm.dll+0x73528]
V  [jvm.dll+0xe48b7]
V  [jvm.dll+0xe4c46]
V  [jvm.dll+0x1f9ae7]
V  [jvm.dll+0x22b2e4]
V  [jvm.dll+0x14d571]
C  [javaw.exe+0x20c6]
C  [javaw.exe+0xc9eb]
C  [javaw.exe+0xca7f]
C  [KERNEL32.DLL+0x16ad]
C  [ntdll.dll+0x54409]


---------------  P R O C E S S  ---------------

Java Threads: ( => current thread )

Other Threads:

=>0x0000000001df0800 (exited) JavaThread "Unknown thread" [_thread_in_vm, id=6780, stack(0x0000000001cf0000,0x0000000001df0000)]

VM state:not at safepoint (not fully initialized)

VM Mutex/Monitor currently owned by a thread: None

GC Heap History (0 events):
No events

Deoptimization events (0 events):
No events

Internal exceptions (0 events):
No events

Events (10 events):
Event: 0.368 loading class java/lang/CharSequence done
Event: 0.369 loading class java/lang/String done
Event: 0.369 loading class java/lang/Class
Event: 0.369 loading class java/lang/reflect/AnnotatedElement
Event: 0.369 loading class java/lang/reflect/AnnotatedElement done
Event: 0.369 loading class java/lang/reflect/GenericDeclaration
Event: 0.370 loading class java/lang/reflect/GenericDeclaration done
Event: 0.370 loading class java/lang/reflect/Type
Event: 0.370 loading class java/lang/reflect/Type done
Event: 0.370 loading class java/lang/Class done


Dynamic libraries:
0x00007ff7983c0000 - 0x00007ff7983f4000 	C:\Program Files\Java\jre1.8.0_25\bin\javaw.exe
0x00007ffccc7e0000 - 0x00007ffccc986000 	C:\Windows\SYSTEM32\ntdll.dll
0x00007ffccc050000 - 0x00007ffccc18a000 	C:\Windows\system32\KERNEL32.DLL
0x00007ffcc9e50000 - 0x00007ffcc9f5f000 	C:\Windows\system32\KERNELBASE.dll
0x00007ffcc8760000 - 0x00007ffcc87e8000 	C:\Windows\system32\apphelp.dll
0x00007ffcc7ef0000 - 0x00007ffcc7f3f000 	C:\Windows\AppPatch\AppPatch64\AcGenral.DLL
0x00007ffccc730000 - 0x00007ffccc7d7000 	C:\Windows\system32\msvcrt.dll
0x00007ffcc9920000 - 0x00007ffcc994b000 	C:\Windows\SYSTEM32\SspiCli.dll
0x00007ffccc190000 - 0x00007ffccc1e1000 	C:\Windows\system32\SHLWAPI.dll
0x00007ffcca330000 - 0x00007ffcca4a1000 	C:\Windows\system32\USER32.dll
0x00007ffcca160000 - 0x00007ffcca2d8000 	C:\Windows\system32\ole32.dll
0x00007ffcca660000 - 0x00007ffccba6f000 	C:\Windows\system32\SHELL32.dll
0x00007ffcc9380000 - 0x00007ffcc939e000 	C:\Windows\SYSTEM32\USERENV.dll
0x00007ffccc440000 - 0x00007ffccc4e5000 	C:\Windows\system32\ADVAPI32.dll
0x00007ffcc8710000 - 0x00007ffcc872b000 	C:\Windows\SYSTEM32\MPR.dll
0x00007ffccbde0000 - 0x00007ffccbf17000 	C:\Windows\system32\RPCRT4.dll
0x00007ffccc3e0000 - 0x00007ffccc437000 	C:\Windows\SYSTEM32\sechost.dll
0x00007ffccc550000 - 0x00007ffccc726000 	C:\Windows\SYSTEM32\combase.dll
0x00007ffccbbe0000 - 0x00007ffccbd24000 	C:\Windows\system32\GDI32.dll
0x00007ffcc9b50000 - 0x00007ffcc9b64000 	C:\Windows\SYSTEM32\profapi.dll
0x00007ffcc8170000 - 0x00007ffcc820f000 	C:\Windows\SYSTEM32\SHCORE.dll
0x00007ffcca2e0000 - 0x00007ffcca314000 	C:\Windows\system32\IMM32.DLL
0x00007ffccbaa0000 - 0x00007ffccbbd9000 	C:\Windows\system32\MSCTF.dll
0x00007ffcc7300000 - 0x00007ffcc755a000 	C:\Windows\WinSxS\amd64_microsoft.windows.common-controls_6595b64144ccf1df_6.0.9600.17031_none_6242a4b3ecbb55a1\COMCTL32.dll
0x0000000076590000 - 0x0000000076662000 	C:\Program Files\Java\jre1.8.0_25\bin\msvcr100.dll
0x0000000076920000 - 0x000000007717a000 	C:\Program Files\Java\jre1.8.0_25\bin\server\jvm.dll
0x00007ffcb6a20000 - 0x00007ffcb6a29000 	C:\Windows\SYSTEM32\WSOCK32.dll
0x00007ffcc4a00000 - 0x00007ffcc4a1f000 	C:\Windows\SYSTEM32\WINMM.dll
0x00007ffccba90000 - 0x00007ffccba97000 	C:\Windows\system32\PSAPI.DLL
0x00007ffccbff0000 - 0x00007ffccc048000 	C:\Windows\system32\WS2_32.dll
0x00007ffcc4990000 - 0x00007ffcc49ba000 	C:\Windows\SYSTEM32\WINMMBASE.dll
0x00007ffcca320000 - 0x00007ffcca329000 	C:\Windows\system32\NSI.dll
0x00007ffcc9c20000 - 0x00007ffcc9c6a000 	C:\Windows\SYSTEM32\cfgmgr32.dll
0x00007ffcc89c0000 - 0x00007ffcc89e6000 	C:\Windows\SYSTEM32\DEVOBJ.dll
0x0000000050850000 - 0x000000005085f000 	C:\Program Files\Java\jre1.8.0_25\bin\verify.dll
0x0000000050820000 - 0x0000000050848000 	C:\Program Files\Java\jre1.8.0_25\bin\java.dll
0x0000000050000000 - 0x0000000050016000 	C:\Program Files\Java\jre1.8.0_25\bin\zip.dll
0x00007ffcc5d40000 - 0x00007ffcc5ec8000 	C:\Windows\SYSTEM32\dbghelp.dll

VM Arguments:
jvm_args: -Dfile.encoding=Cp1251 -Xbootclasspath:C:\WORK\eclipse-java-kepler-SR2-win32-x86_64\sdk\platforms\android-16\android.jar 
java_command: com.example.tama1.qqq
java_class_path (initial): C:\photsh\Wormy\libs\android-support-v4.jar;C:\photsh\Wormy\bin\classes
Launcher Type: SUN_STANDARD

Environment Variables:
JAVA_HOME=C:\WORK\Java\jdk1.7.0_25
PATH=C:/Program Files/Java/jre1.8.0_25/bin/server;C:/Program Files/Java/jre1.8.0_25/bin;C:/Program Files/Java/jre1.8.0_25/lib/amd64;C:\ProgramData\Oracle\Java\javapath;C:\Windows\system32;C:\Windows;C:\Windows\System32\Wbem;C:\Windows\System32\WindowsPowerShell\v1.0\;C:\WORK\eclipse-java-kepler-SR2-win32-x86_64\sdk\tools;C:\WORK\eclipse-java-kepler-SR2-win32-x86_64\sdk\platform-tools;C:\WORK\apache-ant-1.9.2-bin\apache-ant-1.9.2\bin;C:\WORK\Java\jdk1.7.0_25\bin;C:\WORK\cygwin64\bin;;C:\WORK\postgresql-9.3.1-1-windows-x64-binaries\pgsql\bin;C:\WORK\eclipse-java-kepler-SR2-win32-x86_64\eclipse;
USERNAME=kate_NB
OS=Windows_NT
PROCESSOR_IDENTIFIER=Intel64 Family 6 Model 55 Stepping 8, GenuineIntel



---------------  S Y S T E M  ---------------

OS: Windows 8.1 , 64 bit Build 9600 

CPU:total 4 (4 cores per cpu, 1 threads per core) family 6 model 55 stepping 8, cmov, cx8, fxsr, mmx, sse, sse2, sse3, ssse3, sse4.1, sse4.2, popcnt, clmul, erms, tsc, tscinvbit

Memory: 4k page, physical 4074704k(1301920k free), swap 7719008k(3669688k free)

vm_info: Java HotSpot(TM) 64-Bit Server VM (25.25-b02) for windows-amd64 JRE (1.8.0_25-b18), built on Oct  7 2014 14:25:37 by "java_re" with MS VC++ 10.0 (VS2010)

time: Wed Feb 04 17:05:51 2015
elapsed time: 0 seconds (0d 0h 0m 0s)

